<?xml version="1.0" encoding="UTF-8"?>
<!-- Generated by org.testng.reporters.JUnitReportReporter -->
<testsuite hostname="chgu-osx" name="com.guch.test.JDBCReaderTest" tests="1" failures="0" timestamp="25 Jul 2015 18:56:42 GMT" time="0.011" errors="0">
  <testcase name="getBloggerTest" time="0.011" classname="com.guch.test.JDBCReaderTest"/>
</testsuite> <!-- com.guch.test.JDBCReaderTest -->
